<?xml version="1.0" encoding="UTF-8"?>
<!-- Generated by org.testng.reporters.JUnitXMLReporter -->
<testsuite hostname="SudheerReddy" name="Command line test" tests="7" failures="0" timestamp="25 May 2015 08:10:33 GMT" time="0.047" errors="0">
  <testcase name="chromedriver" time="0.016" classname="com.tesing.Test1"/>
  <testcase name="firefoxdriver" time="0.0" classname="com.tesing.Test1"/>
  <testcase name="iedriver" time="0.0" classname="com.tesing.Test1"/>
  <testcase name="test2" time="0.0" classname="com.tesing.Test2"/>
  <testcase name="test3" time="0.015" classname="com.tesing.Test2"/>
  <testcase name="test4" time="0.0" classname="com.tesing.Test2"/>
  <testcase name="test5" time="0.0" classname="com.tesing.Test2"/>
</testsuite> <!-- Command line test -->
